2024-08-06 : 11:09:27.803[main]INFO o.s.d.r.config.RepositoryConfigurationDelegate-Multiple Spring Data modules found, entering strict repository configuration mode!
2024-08-06 : 11:09:27.806[main]INFO o.s.d.r.config.RepositoryConfigurationDelegate-Bootstrapping Spring Data repositories in DEFAULT mode.
2024-08-06 : 11:09:27.829[main]INFO o.s.d.r.config.RepositoryConfigurationDelegate-Finished Spring Data repository scanning in 12ms. Found 0 repository interfaces.
2024-08-06 : 11:09:28.041[main]INFO o.s.c.s.PostProcessorRegistrationDelegate$BeanPostProcessorChecker-Bean 'org.springframework.transaction.annotation.ProxyTransactionManagementConfiguration' of type [org.springframework.transaction.annotation.ProxyTransactionManagementConfiguration$$EnhancerBySpringCGLIB$$ffb2c8d0] is not eligible for getting processed by all BeanPostProcessors (for example: not eligible for auto-proxying)
2024-08-06 : 11:09:28.216[main]INFO o.s.boot.web.embedded.tomcat.TomcatWebServer-Tomcat initialized with port(s): 8082 (http)
2024-08-06 : 11:09:28.225[main]INFO org.apache.coyote.http11.Http11NioProtocol-Initializing ProtocolHandler ["http-nio-8082"]
2024-08-06 : 11:09:28.231[main]INFO org.apache.catalina.core.StandardService-Starting service [Tomcat]
2024-08-06 : 11:09:28.231[main]INFO org.apache.catalina.core.StandardEngine-Starting Servlet engine: [Apache Tomcat/9.0.24]
2024-08-06 : 11:09:28.325[main]INFO o.a.c.core.ContainerBase.[Tomcat].[localhost].[/]-Initializing Spring embedded WebApplicationContext
2024-08-06 : 11:09:28.325[main]INFO org.springframework.web.context.ContextLoader-Root WebApplicationContext: initialization completed in 1058 ms
2024-08-06 : 11:09:28.559[main]INFO c.a.d.s.b.a.DruidDataSourceAutoConfigure-Init DruidDataSource
2024-08-06 : 11:09:28.725[main]INFO com.alibaba.druid.pool.DruidDataSource-{dataSource-1} inited
2024-08-06 : 11:09:29.219[main]INFO o.s.scheduling.concurrent.ThreadPoolTaskExecutor-Initializing ExecutorService 'applicationTaskExecutor'
2024-08-06 : 11:09:29.457[main]INFO org.apache.coyote.http11.Http11NioProtocol-Starting ProtocolHandler ["http-nio-8082"]
2024-08-06 : 11:09:29.477[main]INFO o.s.boot.web.embedded.tomcat.TomcatWebServer-Tomcat started on port(s): 8082 (http) with context path ''
2024-08-06 : 11:09:54.081[http-nio-8082-exec-1]INFO o.a.c.core.ContainerBase.[Tomcat].[localhost].[/]-Initializing Spring DispatcherServlet 'dispatcherServlet'
2024-08-06 : 11:09:54.081[http-nio-8082-exec-1]INFO org.springframework.web.servlet.DispatcherServlet-Initializing Servlet 'dispatcherServlet'
2024-08-06 : 11:09:54.086[http-nio-8082-exec-1]INFO org.springframework.web.servlet.DispatcherServlet-Completed initialization in 5 ms
2024-08-06 : 11:11:08.079[Thread-9]INFO o.s.scheduling.concurrent.ThreadPoolTaskExecutor-Shutting down ExecutorService 'applicationTaskExecutor'
2024-08-06 : 11:11:08.081[Thread-9]INFO com.alibaba.druid.pool.DruidDataSource-{dataSource-1} closed
2024-08-06 : 11:11:12.046[main]INFO o.s.d.r.config.RepositoryConfigurationDelegate-Multiple Spring Data modules found, entering strict repository configuration mode!
2024-08-06 : 11:11:12.047[main]INFO o.s.d.r.config.RepositoryConfigurationDelegate-Bootstrapping Spring Data repositories in DEFAULT mode.
2024-08-06 : 11:11:12.065[main]INFO o.s.d.r.config.RepositoryConfigurationDelegate-Finished Spring Data repository scanning in 8ms. Found 0 repository interfaces.
2024-08-06 : 11:11:12.250[main]INFO o.s.c.s.PostProcessorRegistrationDelegate$BeanPostProcessorChecker-Bean 'org.springframework.transaction.annotation.ProxyTransactionManagementConfiguration' of type [org.springframework.transaction.annotation.ProxyTransactionManagementConfiguration$$EnhancerBySpringCGLIB$$5483cae8] is not eligible for getting processed by all BeanPostProcessors (for example: not eligible for auto-proxying)
2024-08-06 : 11:11:12.401[main]INFO o.s.boot.web.embedded.tomcat.TomcatWebServer-Tomcat initialized with port(s): 8082 (http)
2024-08-06 : 11:11:12.410[main]INFO org.apache.coyote.http11.Http11NioProtocol-Initializing ProtocolHandler ["http-nio-8082"]
2024-08-06 : 11:11:12.416[main]INFO org.apache.catalina.core.StandardService-Starting service [Tomcat]
2024-08-06 : 11:11:12.417[main]INFO org.apache.catalina.core.StandardEngine-Starting Servlet engine: [Apache Tomcat/9.0.24]
2024-08-06 : 11:11:12.492[main]INFO o.a.c.core.ContainerBase.[Tomcat].[localhost].[/]-Initializing Spring embedded WebApplicationContext
2024-08-06 : 11:11:12.492[main]INFO org.springframework.web.context.ContextLoader-Root WebApplicationContext: initialization completed in 903 ms
2024-08-06 : 11:11:12.728[main]INFO c.a.d.s.b.a.DruidDataSourceAutoConfigure-Init DruidDataSource
2024-08-06 : 11:11:12.954[main]INFO com.alibaba.druid.pool.DruidDataSource-{dataSource-1} inited
2024-08-06 : 11:11:13.615[main]INFO o.s.scheduling.concurrent.ThreadPoolTaskExecutor-Initializing ExecutorService 'applicationTaskExecutor'
2024-08-06 : 11:11:13.878[main]INFO org.apache.coyote.http11.Http11NioProtocol-Starting ProtocolHandler ["http-nio-8082"]
2024-08-06 : 11:11:13.917[main]INFO o.s.boot.web.embedded.tomcat.TomcatWebServer-Tomcat started on port(s): 8082 (http) with context path ''
2024-08-06 : 11:11:21.830[http-nio-8082-exec-1]INFO o.a.c.core.ContainerBase.[Tomcat].[localhost].[/]-Initializing Spring DispatcherServlet 'dispatcherServlet'
2024-08-06 : 11:11:21.832[http-nio-8082-exec-1]INFO org.springframework.web.servlet.DispatcherServlet-Initializing Servlet 'dispatcherServlet'
2024-08-06 : 11:11:21.838[http-nio-8082-exec-1]INFO org.springframework.web.servlet.DispatcherServlet-Completed initialization in 6 ms
2024-08-06 : 11:14:19.173[Thread-8]INFO o.s.scheduling.concurrent.ThreadPoolTaskExecutor-Shutting down ExecutorService 'applicationTaskExecutor'
2024-08-06 : 11:14:19.176[Thread-8]INFO com.alibaba.druid.pool.DruidDataSource-{dataSource-1} closed
2024-08-06 : 11:14:23.776[main]INFO o.s.d.r.config.RepositoryConfigurationDelegate-Multiple Spring Data modules found, entering strict repository configuration mode!
2024-08-06 : 11:14:23.779[main]INFO o.s.d.r.config.RepositoryConfigurationDelegate-Bootstrapping Spring Data repositories in DEFAULT mode.
2024-08-06 : 11:14:23.799[main]INFO o.s.d.r.config.RepositoryConfigurationDelegate-Finished Spring Data repository scanning in 12ms. Found 0 repository interfaces.
2024-08-06 : 11:14:24.036[main]INFO o.s.c.s.PostProcessorRegistrationDelegate$BeanPostProcessorChecker-Bean 'org.springframework.transaction.annotation.ProxyTransactionManagementConfiguration' of type [org.springframework.transaction.annotation.ProxyTransactionManagementConfiguration$$EnhancerBySpringCGLIB$$b2a98a3] is not eligible for getting processed by all BeanPostProcessors (for example: not eligible for auto-proxying)
2024-08-06 : 11:14:24.197[main]INFO o.s.boot.web.embedded.tomcat.TomcatWebServer-Tomcat initialized with port(s): 8082 (http)
2024-08-06 : 11:14:24.205[main]INFO org.apache.coyote.http11.Http11NioProtocol-Initializing ProtocolHandler ["http-nio-8082"]
2024-08-06 : 11:14:24.212[main]INFO org.apache.catalina.core.StandardService-Starting service [Tomcat]
2024-08-06 : 11:14:24.212[main]INFO org.apache.catalina.core.StandardEngine-Starting Servlet engine: [Apache Tomcat/9.0.24]
2024-08-06 : 11:14:24.290[main]INFO o.a.c.core.ContainerBase.[Tomcat].[localhost].[/]-Initializing Spring embedded WebApplicationContext
2024-08-06 : 11:14:24.290[main]INFO org.springframework.web.context.ContextLoader-Root WebApplicationContext: initialization completed in 1187 ms
2024-08-06 : 11:14:24.516[main]INFO c.a.d.s.b.a.DruidDataSourceAutoConfigure-Init DruidDataSource
2024-08-06 : 11:14:24.687[main]INFO com.alibaba.druid.pool.DruidDataSource-{dataSource-1} inited
2024-08-06 : 11:14:25.173[main]INFO o.s.scheduling.concurrent.ThreadPoolTaskExecutor-Initializing ExecutorService 'applicationTaskExecutor'
2024-08-06 : 11:14:25.394[main]INFO org.apache.coyote.http11.Http11NioProtocol-Starting ProtocolHandler ["http-nio-8082"]
2024-08-06 : 11:14:25.415[main]INFO o.s.boot.web.embedded.tomcat.TomcatWebServer-Tomcat started on port(s): 8082 (http) with context path ''
2024-08-06 : 11:14:34.915[http-nio-8082-exec-1]INFO o.a.c.core.ContainerBase.[Tomcat].[localhost].[/]-Initializing Spring DispatcherServlet 'dispatcherServlet'
2024-08-06 : 11:14:34.916[http-nio-8082-exec-1]INFO org.springframework.web.servlet.DispatcherServlet-Initializing Servlet 'dispatcherServlet'
2024-08-06 : 11:14:34.921[http-nio-8082-exec-1]INFO org.springframework.web.servlet.DispatcherServlet-Completed initialization in 5 ms
2024-08-06 : 11:14:59.000[Thread-9]INFO o.s.scheduling.concurrent.ThreadPoolTaskExecutor-Shutting down ExecutorService 'applicationTaskExecutor'
2024-08-06 : 11:14:59.002[Thread-9]INFO com.alibaba.druid.pool.DruidDataSource-{dataSource-1} closed
2024-08-06 : 11:15:02.486[main]INFO o.s.d.r.config.RepositoryConfigurationDelegate-Multiple Spring Data modules found, entering strict repository configuration mode!
2024-08-06 : 11:15:02.488[main]INFO o.s.d.r.config.RepositoryConfigurationDelegate-Bootstrapping Spring Data repositories in DEFAULT mode.
2024-08-06 : 11:15:02.505[main]INFO o.s.d.r.config.RepositoryConfigurationDelegate-Finished Spring Data repository scanning in 8ms. Found 0 repository interfaces.
2024-08-06 : 11:15:02.694[main]INFO o.s.c.s.PostProcessorRegistrationDelegate$BeanPostProcessorChecker-Bean 'org.springframework.transaction.annotation.ProxyTransactionManagementConfiguration' of type [org.springframework.transaction.annotation.ProxyTransactionManagementConfiguration$$EnhancerBySpringCGLIB$$4b19dada] is not eligible for getting processed by all BeanPostProcessors (for example: not eligible for auto-proxying)
2024-08-06 : 11:15:02.852[main]INFO o.s.boot.web.embedded.tomcat.TomcatWebServer-Tomcat initialized with port(s): 8082 (http)
2024-08-06 : 11:15:02.860[main]INFO org.apache.coyote.http11.Http11NioProtocol-Initializing ProtocolHandler ["http-nio-8082"]
2024-08-06 : 11:15:02.866[main]INFO org.apache.catalina.core.StandardService-Starting service [Tomcat]
2024-08-06 : 11:15:02.866[main]INFO org.apache.catalina.core.StandardEngine-Starting Servlet engine: [Apache Tomcat/9.0.24]
2024-08-06 : 11:15:02.940[main]INFO o.a.c.core.ContainerBase.[Tomcat].[localhost].[/]-Initializing Spring embedded WebApplicationContext
2024-08-06 : 11:15:02.940[main]INFO org.springframework.web.context.ContextLoader-Root WebApplicationContext: initialization completed in 878 ms
2024-08-06 : 11:15:03.167[main]INFO c.a.d.s.b.a.DruidDataSourceAutoConfigure-Init DruidDataSource
2024-08-06 : 11:15:03.326[main]INFO com.alibaba.druid.pool.DruidDataSource-{dataSource-1} inited
2024-08-06 : 11:15:03.772[main]INFO o.s.scheduling.concurrent.ThreadPoolTaskExecutor-Initializing ExecutorService 'applicationTaskExecutor'
2024-08-06 : 11:15:03.978[main]INFO org.apache.coyote.http11.Http11NioProtocol-Starting ProtocolHandler ["http-nio-8082"]
2024-08-06 : 11:15:03.994[main]INFO o.s.boot.web.embedded.tomcat.TomcatWebServer-Tomcat started on port(s): 8082 (http) with context path ''
2024-08-06 : 11:15:08.806[http-nio-8082-exec-2]INFO o.a.c.core.ContainerBase.[Tomcat].[localhost].[/]-Initializing Spring DispatcherServlet 'dispatcherServlet'
2024-08-06 : 11:15:08.806[http-nio-8082-exec-2]INFO org.springframework.web.servlet.DispatcherServlet-Initializing Servlet 'dispatcherServlet'
2024-08-06 : 11:15:08.815[http-nio-8082-exec-2]INFO org.springframework.web.servlet.DispatcherServlet-Completed initialization in 9 ms
2024-08-06 : 11:16:09.662[Thread-8]INFO o.s.scheduling.concurrent.ThreadPoolTaskExecutor-Shutting down ExecutorService 'applicationTaskExecutor'
2024-08-06 : 11:16:09.664[Thread-8]INFO com.alibaba.druid.pool.DruidDataSource-{dataSource-1} closed
2024-08-06 : 11:16:13.121[main]INFO o.s.d.r.config.RepositoryConfigurationDelegate-Multiple Spring Data modules found, entering strict repository configuration mode!
2024-08-06 : 11:16:13.122[main]INFO o.s.d.r.config.RepositoryConfigurationDelegate-Bootstrapping Spring Data repositories in DEFAULT mode.
2024-08-06 : 11:16:13.140[main]INFO o.s.d.r.config.RepositoryConfigurationDelegate-Finished Spring Data repository scanning in 9ms. Found 0 repository interfaces.
2024-08-06 : 11:16:13.325[main]INFO o.s.c.s.PostProcessorRegistrationDelegate$BeanPostProcessorChecker-Bean 'org.springframework.transaction.annotation.ProxyTransactionManagementConfiguration' of type [org.springframework.transaction.annotation.ProxyTransactionManagementConfiguration$$EnhancerBySpringCGLIB$$6af2c48e] is not eligible for getting processed by all BeanPostProcessors (for example: not eligible for auto-proxying)
2024-08-06 : 11:16:13.492[main]INFO o.s.boot.web.embedded.tomcat.TomcatWebServer-Tomcat initialized with port(s): 8082 (http)
2024-08-06 : 11:16:13.502[main]INFO org.apache.coyote.http11.Http11NioProtocol-Initializing ProtocolHandler ["http-nio-8082"]
2024-08-06 : 11:16:13.508[main]INFO org.apache.catalina.core.StandardService-Starting service [Tomcat]
2024-08-06 : 11:16:13.509[main]INFO org.apache.catalina.core.StandardEngine-Starting Servlet engine: [Apache Tomcat/9.0.24]
2024-08-06 : 11:16:13.593[main]INFO o.a.c.core.ContainerBase.[Tomcat].[localhost].[/]-Initializing Spring embedded WebApplicationContext
2024-08-06 : 11:16:13.593[main]INFO org.springframework.web.context.ContextLoader-Root WebApplicationContext: initialization completed in 911 ms
2024-08-06 : 11:16:13.842[main]INFO c.a.d.s.b.a.DruidDataSourceAutoConfigure-Init DruidDataSource
2024-08-06 : 11:16:14.009[main]INFO com.alibaba.druid.pool.DruidDataSource-{dataSource-1} inited
2024-08-06 : 11:16:14.484[main]INFO o.s.scheduling.concurrent.ThreadPoolTaskExecutor-Initializing ExecutorService 'applicationTaskExecutor'
2024-08-06 : 11:16:14.707[main]INFO org.apache.coyote.http11.Http11NioProtocol-Starting ProtocolHandler ["http-nio-8082"]
2024-08-06 : 11:16:14.724[main]INFO o.s.boot.web.embedded.tomcat.TomcatWebServer-Tomcat started on port(s): 8082 (http) with context path ''
2024-08-06 : 11:21:04.947[Thread-9]INFO o.s.scheduling.concurrent.ThreadPoolTaskExecutor-Shutting down ExecutorService 'applicationTaskExecutor'
2024-08-06 : 11:21:04.951[Thread-9]INFO com.alibaba.druid.pool.DruidDataSource-{dataSource-1} closed
2024-08-06 : 11:21:09.814[main]INFO o.s.d.r.config.RepositoryConfigurationDelegate-Multiple Spring Data modules found, entering strict repository configuration mode!
2024-08-06 : 11:21:09.816[main]INFO o.s.d.r.config.RepositoryConfigurationDelegate-Bootstrapping Spring Data repositories in DEFAULT mode.
2024-08-06 : 11:21:09.832[main]INFO o.s.d.r.config.RepositoryConfigurationDelegate-Finished Spring Data repository scanning in 8ms. Found 0 repository interfaces.
2024-08-06 : 11:21:10.010[main]INFO o.s.c.s.PostProcessorRegistrationDelegate$BeanPostProcessorChecker-Bean 'org.springframework.transaction.annotation.ProxyTransactionManagementConfiguration' of type [org.springframework.transaction.annotation.ProxyTransactionManagementConfiguration$$EnhancerBySpringCGLIB$$6af2c48e] is not eligible for getting processed by all BeanPostProcessors (for example: not eligible for auto-proxying)
2024-08-06 : 11:21:10.185[main]INFO o.s.boot.web.embedded.tomcat.TomcatWebServer-Tomcat initialized with port(s): 8082 (http)
2024-08-06 : 11:21:10.192[main]INFO org.apache.coyote.http11.Http11NioProtocol-Initializing ProtocolHandler ["http-nio-8082"]
2024-08-06 : 11:21:10.198[main]INFO org.apache.catalina.core.StandardService-Starting service [Tomcat]
2024-08-06 : 11:21:10.199[main]INFO org.apache.catalina.core.StandardEngine-Starting Servlet engine: [Apache Tomcat/9.0.24]
2024-08-06 : 11:21:10.269[main]INFO o.a.c.core.ContainerBase.[Tomcat].[localhost].[/]-Initializing Spring embedded WebApplicationContext
2024-08-06 : 11:21:10.269[main]INFO org.springframework.web.context.ContextLoader-Root WebApplicationContext: initialization completed in 887 ms
2024-08-06 : 11:21:10.514[main]INFO c.a.d.s.b.a.DruidDataSourceAutoConfigure-Init DruidDataSource
2024-08-06 : 11:21:10.670[main]INFO com.alibaba.druid.pool.DruidDataSource-{dataSource-1} inited
2024-08-06 : 11:21:11.139[main]INFO o.s.scheduling.concurrent.ThreadPoolTaskExecutor-Initializing ExecutorService 'applicationTaskExecutor'
2024-08-06 : 11:21:11.354[main]INFO org.apache.coyote.http11.Http11NioProtocol-Starting ProtocolHandler ["http-nio-8082"]
2024-08-06 : 11:21:11.370[main]INFO o.s.boot.web.embedded.tomcat.TomcatWebServer-Tomcat started on port(s): 8082 (http) with context path ''
2024-08-06 : 11:21:16.336[http-nio-8082-exec-3]INFO o.a.c.core.ContainerBase.[Tomcat].[localhost].[/]-Initializing Spring DispatcherServlet 'dispatcherServlet'
2024-08-06 : 11:21:16.337[http-nio-8082-exec-3]INFO org.springframework.web.servlet.DispatcherServlet-Initializing Servlet 'dispatcherServlet'
2024-08-06 : 11:21:16.342[http-nio-8082-exec-3]INFO org.springframework.web.servlet.DispatcherServlet-Completed initialization in 5 ms
2024-08-06 : 11:21:53.640[Thread-9]INFO o.s.scheduling.concurrent.ThreadPoolTaskExecutor-Shutting down ExecutorService 'applicationTaskExecutor'
2024-08-06 : 11:21:53.643[Thread-9]INFO com.alibaba.druid.pool.DruidDataSource-{dataSource-1} closed
2024-08-06 : 14:34:53.964[main]INFO o.s.d.r.config.RepositoryConfigurationDelegate-Multiple Spring Data modules found, entering strict repository configuration mode!
2024-08-06 : 14:34:53.967[main]INFO o.s.d.r.config.RepositoryConfigurationDelegate-Bootstrapping Spring Data repositories in DEFAULT mode.
2024-08-06 : 14:34:53.991[main]INFO o.s.d.r.config.RepositoryConfigurationDelegate-Finished Spring Data repository scanning in 11ms. Found 0 repository interfaces.
2024-08-06 : 14:34:54.241[main]INFO o.s.c.s.PostProcessorRegistrationDelegate$BeanPostProcessorChecker-Bean 'org.springframework.transaction.annotation.ProxyTransactionManagementConfiguration' of type [org.springframework.transaction.annotation.ProxyTransactionManagementConfiguration$$EnhancerBySpringCGLIB$$336545b0] is not eligible for getting processed by all BeanPostProcessors (for example: not eligible for auto-proxying)
2024-08-06 : 14:34:54.446[main]INFO o.s.boot.web.embedded.tomcat.TomcatWebServer-Tomcat initialized with port(s): 8082 (http)
2024-08-06 : 14:34:54.463[main]INFO org.apache.coyote.http11.Http11NioProtocol-Initializing ProtocolHandler ["http-nio-8082"]
2024-08-06 : 14:34:54.469[main]INFO org.apache.catalina.core.StandardService-Starting service [Tomcat]
2024-08-06 : 14:34:54.469[main]INFO org.apache.catalina.core.StandardEngine-Starting Servlet engine: [Apache Tomcat/9.0.24]
2024-08-06 : 14:34:54.550[main]INFO o.a.c.core.ContainerBase.[Tomcat].[localhost].[/]-Initializing Spring embedded WebApplicationContext
2024-08-06 : 14:34:54.551[main]INFO org.springframework.web.context.ContextLoader-Root WebApplicationContext: initialization completed in 1137 ms
2024-08-06 : 14:34:54.872[main]INFO c.a.d.s.b.a.DruidDataSourceAutoConfigure-Init DruidDataSource
2024-08-06 : 14:34:55.082[main]INFO com.alibaba.druid.pool.DruidDataSource-{dataSource-1} inited
2024-08-06 : 14:34:55.651[main]INFO o.s.scheduling.concurrent.ThreadPoolTaskExecutor-Initializing ExecutorService 'applicationTaskExecutor'
2024-08-06 : 14:34:55.936[main]INFO org.apache.coyote.http11.Http11NioProtocol-Starting ProtocolHandler ["http-nio-8082"]
2024-08-06 : 14:34:55.952[main]INFO o.s.boot.web.embedded.tomcat.TomcatWebServer-Tomcat started on port(s): 8082 (http) with context path ''
2024-08-06 : 14:36:21.628[Thread-10]INFO o.s.scheduling.concurrent.ThreadPoolTaskExecutor-Shutting down ExecutorService 'applicationTaskExecutor'
2024-08-06 : 14:36:21.632[Thread-10]INFO com.alibaba.druid.pool.DruidDataSource-{dataSource-1} closed
